2019-03-14 10:47:43.890  INFO 5004 --- [main] com.eservice.iot.IotApplication          : Starting IotApplication on DESKTOP-TLPD5D9 with PID 5004 (F:\HanKunCompany\yttps_zgz\target\classes started by Administrator in F:\HanKunCompany\yttps_zgz)
2019-03-14 10:47:43.895  INFO 5004 --- [main] com.eservice.iot.IotApplication          : The following profiles are active: dev
2019-03-14 10:47:46.366  WARN 5004 --- [main] o.s.c.a.ConfigurationClassPostProcessor  : Cannot enhance @Configuration bean definition 'mybatisConfig' since its singleton instance has been created too early. The typical cause is a non-static @Bean method with a BeanDefinitionRegistryPostProcessor return type: Consider declaring such methods as 'static'.
2019-03-14 10:47:48.339  INFO 5004 --- [main] o.apache.catalina.core.StandardService   : Starting service [Tomcat]
2019-03-14 10:47:48.340  INFO 5004 --- [main] org.apache.catalina.core.StandardEngine  : Starting Servlet Engine: Apache Tomcat/8.5.31
2019-03-14 10:47:48.350  INFO 5004 --- [localhost-startStop-1] o.a.catalina.core.AprLifecycleListener   : The APR based Apache Tomcat Native library which allows optimal performance in production environments was not found on the java.library.path: [C:\Program Files\Java\jdk1.8.0_191\bin;C:\WINDOWS\Sun\Java\bin;C:\WINDOWS\system32;C:\WINDOWS;C:\Program Files (x86)\Common Files\Oracle\Java\javapath;C:\WINDOWS\system32;C:\WINDOWS;C:\WINDOWS\System32\Wbem;C:\WINDOWS\System32\WindowsPowerShell\v1.0\;C:\WINDOWS\System32\OpenSSH\;C:\Program Files\Java\jdk1.8.0_191\bin;C:\Program Files\Java\jdk1.8.0_191\jre\bin;E:\Student\Git\cmd;E:\Student\node\;C:\Users\Administrator\AppData\Local\Microsoft\WindowsApps;C:\Users\Administrator\AppData\Roaming\npm;.]
2019-03-14 10:47:48.496  INFO 5004 --- [localhost-startStop-1] o.a.c.c.C.[Tomcat].[localhost].[/]       : Initializing Spring embedded WebApplicationContext
2019-03-14 10:47:49.173  INFO 5004 --- [localhost-startStop-1] c.a.d.s.b.a.DruidDataSourceAutoConfigure : Init DruidDataSource
2019-03-14 10:47:49.478  INFO 5004 --- [localhost-startStop-1] com.alibaba.druid.pool.DruidDataSource   : {dataSource-1} inited
2019-03-14 10:47:54.522  INFO 5004 --- [main] d.s.w.p.DocumentationPluginsBootstrapper : Context refreshed
2019-03-14 10:47:54.541 ERROR 5004 --- [task-scheduler-2] com.eservice.iot.service.PolicyService   : Token is null, fetch policy error!
2019-03-14 10:47:54.556  INFO 5004 --- [main] d.s.w.p.DocumentationPluginsBootstrapper : Found {0} custom documentation plugin(s)
2019-03-14 10:47:54.572  INFO 5004 --- [main] s.d.s.w.s.ApiListingReferenceScanner     : Scanning for api listing references
2019-03-14 10:47:54.578  INFO 5004 --- [main] s.w.ClassOrApiAnnotationResourceGrouping : Group for method handle was operation-handler
2019-03-14 10:47:54.581  INFO 5004 --- [main] s.d.s.w.s.ApiListingReferenceScanner     : Request mapping: handle belongs to groups: [[ResourceGroup{groupName='operation-handler', position=0, controller=org.springframework.boot.actuate.endpoint.web.servlet.AbstractWebMvcEndpointHandlerMapping$OperationHandler}]] 
2019-03-14 10:47:54.582  INFO 5004 --- [main] s.w.ClassOrApiAnnotationResourceGrouping : Group for method handle was operation-handler
2019-03-14 10:47:54.582  INFO 5004 --- [main] s.d.s.w.s.ApiListingReferenceScanner     : Request mapping: handle belongs to groups: [[ResourceGroup{groupName='operation-handler', position=0, controller=org.springframework.boot.actuate.endpoint.web.servlet.AbstractWebMvcEndpointHandlerMapping$OperationHandler}]] 
2019-03-14 10:47:54.583  INFO 5004 --- [main] s.w.ClassOrApiAnnotationResourceGrouping : Group for method links was web-mvc-endpoint-handler-mapping
2019-03-14 10:47:54.583  INFO 5004 --- [main] s.d.s.w.s.ApiListingReferenceScanner     : Request mapping: links belongs to groups: [[ResourceGroup{groupName='web-mvc-endpoint-handler-mapping', position=0, controller=org.springframework.boot.actuate.endpoint.web.servlet.WebMvcEndpointHandlerMapping}]] 
2019-03-14 10:47:54.583  INFO 5004 --- [main] s.w.ClassOrApiAnnotationResourceGrouping : Group for method add was customer-controller
2019-03-14 10:47:54.583  INFO 5004 --- [main] s.d.s.w.s.ApiListingReferenceScanner     : Request mapping: add belongs to groups: [[ResourceGroup{groupName='customer-controller', position=0, controller=com.eservice.iot.web.CustomerController}]] 
2019-03-14 10:47:54.584  INFO 5004 --- [main] s.w.ClassOrApiAnnotationResourceGrouping : Group for method delete was customer-controller
2019-03-14 10:47:54.584  INFO 5004 --- [main] s.d.s.w.s.ApiListingReferenceScanner     : Request mapping: delete belongs to groups: [[ResourceGroup{groupName='customer-controller', position=0, controller=com.eservice.iot.web.CustomerController}]] 
2019-03-14 10:47:54.584  INFO 5004 --- [main] s.w.ClassOrApiAnnotationResourceGrouping : Group for method detail was customer-controller
2019-03-14 10:47:54.584  INFO 5004 --- [main] s.d.s.w.s.ApiListingReferenceScanner     : Request mapping: detail belongs to groups: [[ResourceGroup{groupName='customer-controller', position=0, controller=com.eservice.iot.web.CustomerController}]] 
2019-03-14 10:47:54.585  INFO 5004 --- [main] s.w.ClassOrApiAnnotationResourceGrouping : Group for method search was customer-controller
2019-03-14 10:47:54.585  INFO 5004 --- [main] s.d.s.w.s.ApiListingReferenceScanner     : Request mapping: search belongs to groups: [[ResourceGroup{groupName='customer-controller', position=0, controller=com.eservice.iot.web.CustomerController}]] 
2019-03-14 10:47:54.585  INFO 5004 --- [main] s.w.ClassOrApiAnnotationResourceGrouping : Group for method update was customer-controller
2019-03-14 10:47:54.585  INFO 5004 --- [main] s.d.s.w.s.ApiListingReferenceScanner     : Request mapping: update belongs to groups: [[ResourceGroup{groupName='customer-controller', position=0, controller=com.eservice.iot.web.CustomerController}]] 
2019-03-14 10:47:54.585  INFO 5004 --- [main] s.w.ClassOrApiAnnotationResourceGrouping : Group for method error was basic-error-controller
2019-03-14 10:47:54.585  INFO 5004 --- [main] s.d.s.w.s.ApiListingReferenceScanner     : Request mapping: error belongs to groups: [[ResourceGroup{groupName='basic-error-controller', position=0, controller=org.springframework.boot.autoconfigure.web.servlet.error.BasicErrorController}]] 
2019-03-14 10:47:54.586  INFO 5004 --- [main] s.w.ClassOrApiAnnotationResourceGrouping : Group for method errorHtml was basic-error-controller
2019-03-14 10:47:54.586  INFO 5004 --- [main] s.d.s.w.s.ApiListingReferenceScanner     : Request mapping: errorHtml belongs to groups: [[ResourceGroup{groupName='basic-error-controller', position=0, controller=org.springframework.boot.autoconfigure.web.servlet.error.BasicErrorController}]] 
2019-03-14 10:47:54.587  INFO 5004 --- [main] s.w.ClassOrApiAnnotationResourceGrouping : Group for method add was tag-controller
2019-03-14 10:47:54.587  INFO 5004 --- [main] s.d.s.w.s.ApiListingReferenceScanner     : Request mapping: add belongs to groups: [[ResourceGroup{groupName='tag-controller', position=0, controller=com.eservice.iot.web.TagController}]] 
2019-03-14 10:47:54.587  INFO 5004 --- [main] s.w.ClassOrApiAnnotationResourceGrouping : Group for method deleteStaffByTagName was tag-controller
2019-03-14 10:47:54.588  INFO 5004 --- [main] s.d.s.w.s.ApiListingReferenceScanner     : Request mapping: deleteStaffByTagName belongs to groups: [[ResourceGroup{groupName='tag-controller', position=0, controller=com.eservice.iot.web.TagController}]] 
2019-03-14 10:47:54.588  INFO 5004 --- [main] s.w.ClassOrApiAnnotationResourceGrouping : Group for method list was tag-controller
2019-03-14 10:47:54.588  INFO 5004 --- [main] s.d.s.w.s.ApiListingReferenceScanner     : Request mapping: list belongs to groups: [[ResourceGroup{groupName='tag-controller', position=0, controller=com.eservice.iot.web.TagController}]] 
2019-03-14 10:47:54.589  INFO 5004 --- [main] s.w.ClassOrApiAnnotationResourceGrouping : Group for method add was user-controller
2019-03-14 10:47:54.589  INFO 5004 --- [main] s.d.s.w.s.ApiListingReferenceScanner     : Request mapping: add belongs to groups: [[ResourceGroup{groupName='user-controller', position=0, controller=com.eservice.iot.web.UserController}]] 
2019-03-14 10:47:54.590  INFO 5004 --- [main] s.w.ClassOrApiAnnotationResourceGrouping : Group for method delete was user-controller
2019-03-14 10:47:54.590  INFO 5004 --- [main] s.d.s.w.s.ApiListingReferenceScanner     : Request mapping: delete belongs to groups: [[ResourceGroup{groupName='user-controller', position=0, controller=com.eservice.iot.web.UserController}]] 
2019-03-14 10:47:54.590  INFO 5004 --- [main] s.w.ClassOrApiAnnotationResourceGrouping : Group for method detail was user-controller
2019-03-14 10:47:54.590  INFO 5004 --- [main] s.d.s.w.s.ApiListingReferenceScanner     : Request mapping: detail belongs to groups: [[ResourceGroup{groupName='user-controller', position=0, controller=com.eservice.iot.web.UserController}]] 
2019-03-14 10:47:54.590  INFO 5004 --- [main] s.w.ClassOrApiAnnotationResourceGrouping : Group for method list was user-controller
2019-03-14 10:47:54.591  INFO 5004 --- [main] s.d.s.w.s.ApiListingReferenceScanner     : Request mapping: list belongs to groups: [[ResourceGroup{groupName='user-controller', position=0, controller=com.eservice.iot.web.UserController}]] 
2019-03-14 10:47:54.591  INFO 5004 --- [main] s.w.ClassOrApiAnnotationResourceGrouping : Group for method requestLogin was user-controller
2019-03-14 10:47:54.591  INFO 5004 --- [main] s.d.s.w.s.ApiListingReferenceScanner     : Request mapping: requestLogin belongs to groups: [[ResourceGroup{groupName='user-controller', position=0, controller=com.eservice.iot.web.UserController}]] 
2019-03-14 10:47:54.591  INFO 5004 --- [main] s.w.ClassOrApiAnnotationResourceGrouping : Group for method update was user-controller
2019-03-14 10:47:54.591  INFO 5004 --- [main] s.d.s.w.s.ApiListingReferenceScanner     : Request mapping: update belongs to groups: [[ResourceGroup{groupName='user-controller', position=0, controller=com.eservice.iot.web.UserController}]] 
2019-03-14 10:47:54.592  INFO 5004 --- [main] s.w.ClassOrApiAnnotationResourceGrouping : Group for method add was visitor-info-controller
2019-03-14 10:47:54.592  INFO 5004 --- [main] s.d.s.w.s.ApiListingReferenceScanner     : Request mapping: add belongs to groups: [[ResourceGroup{groupName='visitor-info-controller', position=0, controller=com.eservice.iot.web.VisitorInfoController}]] 
2019-03-14 10:47:54.592  INFO 5004 --- [main] s.w.ClassOrApiAnnotationResourceGrouping : Group for method delete was visitor-info-controller
2019-03-14 10:47:54.592  INFO 5004 --- [main] s.d.s.w.s.ApiListingReferenceScanner     : Request mapping: delete belongs to groups: [[ResourceGroup{groupName='visitor-info-controller', position=0, controller=com.eservice.iot.web.VisitorInfoController}]] 
2019-03-14 10:47:54.593  INFO 5004 --- [main] s.w.ClassOrApiAnnotationResourceGrouping : Group for method detail was visitor-info-controller
2019-03-14 10:47:54.593  INFO 5004 --- [main] s.d.s.w.s.ApiListingReferenceScanner     : Request mapping: detail belongs to groups: [[ResourceGroup{groupName='visitor-info-controller', position=0, controller=com.eservice.iot.web.VisitorInfoController}]] 
2019-03-14 10:47:54.593  INFO 5004 --- [main] s.w.ClassOrApiAnnotationResourceGrouping : Group for method list was visitor-info-controller
2019-03-14 10:47:54.593  INFO 5004 --- [main] s.d.s.w.s.ApiListingReferenceScanner     : Request mapping: list belongs to groups: [[ResourceGroup{groupName='visitor-info-controller', position=0, controller=com.eservice.iot.web.VisitorInfoController}]] 
2019-03-14 10:47:54.593  INFO 5004 --- [main] s.w.ClassOrApiAnnotationResourceGrouping : Group for method update was visitor-info-controller
2019-03-14 10:47:54.593  INFO 5004 --- [main] s.d.s.w.s.ApiListingReferenceScanner     : Request mapping: update belongs to groups: [[ResourceGroup{groupName='visitor-info-controller', position=0, controller=com.eservice.iot.web.VisitorInfoController}]] 
2019-03-14 10:47:54.594  INFO 5004 --- [main] s.w.ClassOrApiAnnotationResourceGrouping : Group for method add was visitor-controller
2019-03-14 10:47:54.594  INFO 5004 --- [main] s.d.s.w.s.ApiListingReferenceScanner     : Request mapping: add belongs to groups: [[ResourceGroup{groupName='visitor-controller', position=0, controller=com.eservice.iot.web.VisitorController}]] 
2019-03-14 10:47:54.594  INFO 5004 --- [main] s.w.ClassOrApiAnnotationResourceGrouping : Group for method getVisitor was visitor-controller
2019-03-14 10:47:54.594  INFO 5004 --- [main] s.d.s.w.s.ApiListingReferenceScanner     : Request mapping: getVisitor belongs to groups: [[ResourceGroup{groupName='visitor-controller', position=0, controller=com.eservice.iot.web.VisitorController}]] 
2019-03-14 10:47:54.602  INFO 5004 --- [main] s.d.s.w.s.ApiListingReferenceScanner     : Created resource listing Path: /default/user-controller Description: user-controller Position: 0
2019-03-14 10:47:54.602  INFO 5004 --- [main] s.d.s.w.s.ApiListingReferenceScanner     : Created resource listing Path: /default/visitor-controller Description: visitor-controller Position: 0
2019-03-14 10:47:54.602  INFO 5004 --- [main] s.d.s.w.s.ApiListingReferenceScanner     : Created resource listing Path: /default/tag-controller Description: tag-controller Position: 0
2019-03-14 10:47:54.603  INFO 5004 --- [main] s.d.s.w.s.ApiListingReferenceScanner     : Created resource listing Path: /default/web-mvc-endpoint-handler-mapping Description: web-mvc-endpoint-handler-mapping Position: 0
2019-03-14 10:47:54.603  INFO 5004 --- [main] s.d.s.w.s.ApiListingReferenceScanner     : Created resource listing Path: /default/visitor-info-controller Description: visitor-info-controller Position: 0
2019-03-14 10:47:54.605  INFO 5004 --- [main] s.d.s.w.s.ApiListingReferenceScanner     : Created resource listing Path: /default/customer-controller Description: customer-controller Position: 0
2019-03-14 10:47:54.605  INFO 5004 --- [main] s.d.s.w.s.ApiListingReferenceScanner     : Created resource listing Path: /default/operation-handler Description: operation-handler Position: 0
2019-03-14 10:47:54.605  INFO 5004 --- [main] s.d.s.w.s.ApiListingReferenceScanner     : Created resource listing Path: /default/basic-error-controller Description: basic-error-controller Position: 0
2019-03-14 10:47:54.635  INFO 5004 --- [main] s.d.schema.ModelContextKeyGenerator      : Cache Key Generated: java.util.Map<java.lang.String,java.lang.Object>(true)
2019-03-14 10:47:54.636  INFO 5004 --- [main] s.d.spring.web.caching.CachingAspect     : Caching aspect applied for cache models with key java.util.Map<java.lang.String,java.lang.Object>(true)
2019-03-14 10:47:54.648  INFO 5004 --- [main] s.d.schema.ModelContextKeyGenerator      : Cache Key Generated: java.util.Map<java.lang.String,java.lang.Object>(true)
2019-03-14 10:47:54.649  INFO 5004 --- [main] s.d.spring.web.caching.CachingAspect     : Caching aspect applied for cache modelDependencies with key java.util.Map<java.lang.String,java.lang.Object>(true)
2019-03-14 10:47:54.657  INFO 5004 --- [main] s.d.spring.web.OperationsKeyGenerator    : Cache key generated: /error.org.springframework.boot.autoconfigure.web.servlet.error.BasicErrorController.error.DefaultGenericTypeNamingStrategy
2019-03-14 10:47:54.657  INFO 5004 --- [main] s.d.spring.web.caching.CachingAspect     : Caching aspect applied for cache operations with key /error.org.springframework.boot.autoconfigure.web.servlet.error.BasicErrorController.error.DefaultGenericTypeNamingStrategy
2019-03-14 10:47:54.676  INFO 5004 --- [main] s.w.ClassOrApiAnnotationResourceGrouping : Group for method error was basic-error-controller
2019-03-14 10:47:54.679  INFO 5004 --- [main] s.w.ClassOrApiAnnotationResourceGrouping : Group for method error was basic-error-controller
2019-03-14 10:47:54.684  INFO 5004 --- [main] s.w.ClassOrApiAnnotationResourceGrouping : Group for method error was basic-error-controller
2019-03-14 10:47:54.685  INFO 5004 --- [main] s.w.ClassOrApiAnnotationResourceGrouping : Group for method error was basic-error-controller
2019-03-14 10:47:54.687  INFO 5004 --- [main] s.w.ClassOrApiAnnotationResourceGrouping : Group for method error was basic-error-controller
2019-03-14 10:47:54.688  INFO 5004 --- [main] s.w.ClassOrApiAnnotationResourceGrouping : Group for method error was basic-error-controller
2019-03-14 10:47:54.690  INFO 5004 --- [main] s.w.ClassOrApiAnnotationResourceGrouping : Group for method error was basic-error-controller
2019-03-14 10:47:54.691  INFO 5004 --- [main] s.w.ClassOrApiAnnotationResourceGrouping : Group for method error was basic-error-controller
2019-03-14 10:47:54.692  INFO 5004 --- [main] s.w.ClassOrApiAnnotationResourceGrouping : Group for method error was basic-error-controller
2019-03-14 10:47:54.693  INFO 5004 --- [main] s.w.ClassOrApiAnnotationResourceGrouping : Group for method error was basic-error-controller
2019-03-14 10:47:54.694  INFO 5004 --- [main] s.w.ClassOrApiAnnotationResourceGrouping : Group for method error was basic-error-controller
2019-03-14 10:47:54.695  INFO 5004 --- [main] s.w.ClassOrApiAnnotationResourceGrouping : Group for method error was basic-error-controller
2019-03-14 10:47:54.696  INFO 5004 --- [main] s.w.ClassOrApiAnnotationResourceGrouping : Group for method error was basic-error-controller
2019-03-14 10:47:54.696  INFO 5004 --- [main] s.w.ClassOrApiAnnotationResourceGrouping : Group for method error was basic-error-controller
2019-03-14 10:47:54.697  INFO 5004 --- [main] s.w.ClassOrApiAnnotationResourceGrouping : Group for method error was basic-error-controller
2019-03-14 10:47:54.698  INFO 5004 --- [main] s.w.ClassOrApiAnnotationResourceGrouping : Group for method error was basic-error-controller
2019-03-14 10:47:54.706  INFO 5004 --- [main] s.d.schema.ModelContextKeyGenerator      : Cache Key Generated: org.springframework.web.servlet.ModelAndView(true)
2019-03-14 10:47:54.706  INFO 5004 --- [main] s.d.spring.web.caching.CachingAspect     : Caching aspect applied for cache models with key org.springframework.web.servlet.ModelAndView(true)
2019-03-14 10:47:54.708  INFO 5004 --- [main] s.d.s.p.ModelPropertiesKeyGenerator      : Cache key generated: org.springframework.web.servlet.ModelAndView(true)
2019-03-14 10:47:54.708  INFO 5004 --- [main] s.d.spring.web.caching.CachingAspect     : Caching aspect applied for cache modelProperties with key org.springframework.web.servlet.ModelAndView(true)
2019-03-14 10:47:54.785  INFO 5004 --- [main] s.d.schema.ModelContextKeyGenerator      : Cache Key Generated: org.springframework.web.servlet.ModelAndView(true)
2019-03-14 10:47:54.785  INFO 5004 --- [main] s.d.spring.web.caching.CachingAspect     : Caching aspect applied for cache modelDependencies with key org.springframework.web.servlet.ModelAndView(true)
2019-03-14 10:47:54.786  INFO 5004 --- [main] s.d.s.p.ModelPropertiesKeyGenerator      : Cache key generated: org.springframework.web.servlet.ModelAndView(true)
2019-03-14 10:47:54.786  INFO 5004 --- [main] s.d.spring.web.caching.CachingAspect     : Caching aspect applied for cache modelProperties with key org.springframework.web.servlet.ModelAndView(true)
2019-03-14 10:47:54.790  INFO 5004 --- [main] s.d.s.p.ModelPropertiesKeyGenerator      : Cache key generated: org.springframework.web.servlet.View(true)
2019-03-14 10:47:54.791  INFO 5004 --- [main] s.d.spring.web.caching.CachingAspect     : Caching aspect applied for cache modelProperties with key org.springframework.web.servlet.View(true)
2019-03-14 10:47:54.794  INFO 5004 --- [main] s.d.s.p.ModelPropertiesKeyGenerator      : Cache key generated: org.springframework.web.servlet.View(true)
2019-03-14 10:47:54.794  INFO 5004 --- [main] s.d.spring.web.caching.CachingAspect     : Caching aspect applied for cache modelProperties with key org.springframework.web.servlet.View(true)
2019-03-14 10:47:54.795  INFO 5004 --- [main] s.d.spring.web.OperationsKeyGenerator    : Cache key generated: /error.org.springframework.boot.autoconfigure.web.servlet.error.BasicErrorController.errorHtml.DefaultGenericTypeNamingStrategy
2019-03-14 10:47:54.796  INFO 5004 --- [main] s.d.spring.web.caching.CachingAspect     : Caching aspect applied for cache operations with key /error.org.springframework.boot.autoconfigure.web.servlet.error.BasicErrorController.errorHtml.DefaultGenericTypeNamingStrategy
2019-03-14 10:47:54.797  INFO 5004 --- [main] s.w.ClassOrApiAnnotationResourceGrouping : Group for method errorHtml was basic-error-controller
2019-03-14 10:47:54.799  INFO 5004 --- [main] s.w.ClassOrApiAnnotationResourceGrouping : Group for method errorHtml was basic-error-controller
2019-03-14 10:47:54.800  INFO 5004 --- [main] s.w.ClassOrApiAnnotationResourceGrouping : Group for method errorHtml was basic-error-controller
2019-03-14 10:47:54.802  INFO 5004 --- [main] s.w.ClassOrApiAnnotationResourceGrouping : Group for method errorHtml was basic-error-controller
2019-03-14 10:47:54.808  INFO 5004 --- [main] s.w.ClassOrApiAnnotationResourceGrouping : Group for method errorHtml was basic-error-controller
2019-03-14 10:47:54.810  INFO 5004 --- [main] s.w.ClassOrApiAnnotationResourceGrouping : Group for method errorHtml was basic-error-controller
2019-03-14 10:47:54.811  INFO 5004 --- [main] s.w.ClassOrApiAnnotationResourceGrouping : Group for method errorHtml was basic-error-controller
2019-03-14 10:47:54.812  INFO 5004 --- [main] s.w.ClassOrApiAnnotationResourceGrouping : Group for method errorHtml was basic-error-controller
2019-03-14 10:47:54.814  INFO 5004 --- [main] s.w.ClassOrApiAnnotationResourceGrouping : Group for method errorHtml was basic-error-controller
2019-03-14 10:47:54.815  INFO 5004 --- [main] s.w.ClassOrApiAnnotationResourceGrouping : Group for method errorHtml was basic-error-controller
2019-03-14 10:47:54.817  INFO 5004 --- [main] s.w.ClassOrApiAnnotationResourceGrouping : Group for method errorHtml was basic-error-controller
2019-03-14 10:47:54.824  INFO 5004 --- [main] s.w.ClassOrApiAnnotationResourceGrouping : Group for method errorHtml was basic-error-controller
2019-03-14 10:47:54.825  INFO 5004 --- [main] s.w.ClassOrApiAnnotationResourceGrouping : Group for method errorHtml was basic-error-controller
2019-03-14 10:47:54.827  INFO 5004 --- [main] s.w.ClassOrApiAnnotationResourceGrouping : Group for method errorHtml was basic-error-controller
2019-03-14 10:47:54.828  INFO 5004 --- [main] s.w.ClassOrApiAnnotationResourceGrouping : Group for method errorHtml was basic-error-controller
2019-03-14 10:47:54.829  INFO 5004 --- [main] s.w.ClassOrApiAnnotationResourceGrouping : Group for method errorHtml was basic-error-controller
2019-03-14 10:47:54.864  INFO 5004 --- [main] s.d.schema.ModelContextKeyGenerator      : Cache Key Generated: com.eservice.iot.core.Result(true)
2019-03-14 10:47:54.864  INFO 5004 --- [main] s.d.spring.web.caching.CachingAspect     : Caching aspect applied for cache models with key com.eservice.iot.core.Result(true)
2019-03-14 10:47:54.865  INFO 5004 --- [main] s.d.s.p.ModelPropertiesKeyGenerator      : Cache key generated: com.eservice.iot.core.Result(true)
2019-03-14 10:47:54.865  INFO 5004 --- [main] s.d.spring.web.caching.CachingAspect     : Caching aspect applied for cache modelProperties with key com.eservice.iot.core.Result(true)
2019-03-14 10:47:54.867  INFO 5004 --- [main] s.d.schema.ModelContextKeyGenerator      : Cache Key Generated: com.eservice.iot.core.Result(true)
2019-03-14 10:47:54.868  INFO 5004 --- [main] s.d.spring.web.caching.CachingAspect     : Caching aspect applied for cache modelDependencies with key com.eservice.iot.core.Result(true)
2019-03-14 10:47:54.868  INFO 5004 --- [main] s.d.s.p.ModelPropertiesKeyGenerator      : Cache key generated: com.eservice.iot.core.Result(true)
2019-03-14 10:47:54.868  INFO 5004 --- [main] s.d.spring.web.caching.CachingAspect     : Caching aspect applied for cache modelProperties with key com.eservice.iot.core.Result(true)
2019-03-14 10:47:54.869  INFO 5004 --- [main] s.d.spring.web.OperationsKeyGenerator    : Cache key generated: /customer/add.com.eservice.iot.web.CustomerController.add.DefaultGenericTypeNamingStrategy
2019-03-14 10:47:54.869  INFO 5004 --- [main] s.d.spring.web.caching.CachingAspect     : Caching aspect applied for cache operations with key /customer/add.com.eservice.iot.web.CustomerController.add.DefaultGenericTypeNamingStrategy
2019-03-14 10:47:54.881  INFO 5004 --- [main] s.w.ClassOrApiAnnotationResourceGrouping : Group for method add was customer-controller
2019-03-14 10:47:54.882  INFO 5004 --- [main] s.w.ClassOrApiAnnotationResourceGrouping : Group for method add was customer-controller
2019-03-14 10:47:54.884  INFO 5004 --- [main] s.d.schema.ModelContextKeyGenerator      : Cache Key Generated: com.eservice.iot.core.Result(true)
2019-03-14 10:47:54.884  INFO 5004 --- [main] s.d.spring.web.caching.CachingAspect     : Caching aspect applied for cache models with key com.eservice.iot.core.Result(true)
2019-03-14 10:47:54.885  INFO 5004 --- [main] s.d.schema.ModelContextKeyGenerator      : Cache Key Generated: com.eservice.iot.core.Result(true)
2019-03-14 10:47:54.885  INFO 5004 --- [main] s.d.spring.web.caching.CachingAspect     : Caching aspect applied for cache modelDependencies with key com.eservice.iot.core.Result(true)
2019-03-14 10:47:54.885  INFO 5004 --- [main] s.d.spring.web.OperationsKeyGenerator    : Cache key generated: /customer/delete.com.eservice.iot.web.CustomerController.delete.DefaultGenericTypeNamingStrategy
2019-03-14 10:47:54.885  INFO 5004 --- [main] s.d.spring.web.caching.CachingAspect     : Caching aspect applied for cache operations with key /customer/delete.com.eservice.iot.web.CustomerController.delete.DefaultGenericTypeNamingStrategy
2019-03-14 10:47:54.888  INFO 5004 --- [main] s.w.ClassOrApiAnnotationResourceGrouping : Group for method delete was customer-controller
2019-03-14 10:47:54.889  INFO 5004 --- [main] s.w.ClassOrApiAnnotationResourceGrouping : Group for method delete was customer-controller
2019-03-14 10:47:54.891  INFO 5004 --- [main] s.d.schema.ModelContextKeyGenerator      : Cache Key Generated: com.eservice.iot.core.Result(true)
2019-03-14 10:47:54.891  INFO 5004 --- [main] s.d.spring.web.caching.CachingAspect     : Caching aspect applied for cache models with key com.eservice.iot.core.Result(true)
2019-03-14 10:47:54.892  INFO 5004 --- [main] s.d.schema.ModelContextKeyGenerator      : Cache Key Generated: com.eservice.iot.core.Result(true)
2019-03-14 10:47:54.892  INFO 5004 --- [main] s.d.spring.web.caching.CachingAspect     : Caching aspect applied for cache modelDependencies with key com.eservice.iot.core.Result(true)
2019-03-14 10:47:54.897  INFO 5004 --- [main] s.d.spring.web.OperationsKeyGenerator    : Cache key generated: /customer/detail.com.eservice.iot.web.CustomerController.detail.DefaultGenericTypeNamingStrategy
2019-03-14 10:47:54.897  INFO 5004 --- [main] s.d.spring.web.caching.CachingAspect     : Caching aspect applied for cache operations with key /customer/detail.com.eservice.iot.web.CustomerController.detail.DefaultGenericTypeNamingStrategy
2019-03-14 10:47:54.899  INFO 5004 --- [main] s.w.ClassOrApiAnnotationResourceGrouping : Group for method detail was customer-controller
2019-03-14 10:47:54.901  INFO 5004 --- [main] s.w.ClassOrApiAnnotationResourceGrouping : Group for method detail was customer-controller
2019-03-14 10:47:54.902  INFO 5004 --- [main] s.d.schema.ModelContextKeyGenerator      : Cache Key Generated: com.eservice.iot.core.Result(true)
2019-03-14 10:47:54.903  INFO 5004 --- [main] s.d.spring.web.caching.CachingAspect     : Caching aspect applied for cache models with key com.eservice.iot.core.Result(true)
2019-03-14 10:47:54.903  INFO 5004 --- [main] s.d.schema.ModelContextKeyGenerator      : Cache Key Generated: com.eservice.iot.core.Result(true)
2019-03-14 10:47:54.904  INFO 5004 --- [main] s.d.spring.web.caching.CachingAspect     : Caching aspect applied for cache modelDependencies with key com.eservice.iot.core.Result(true)
2019-03-14 10:47:54.904  INFO 5004 --- [main] s.d.spring.web.OperationsKeyGenerator    : Cache key generated: /customer/search.com.eservice.iot.web.CustomerController.search.DefaultGenericTypeNamingStrategy
2019-03-14 10:47:54.904  INFO 5004 --- [main] s.d.spring.web.caching.CachingAspect     : Caching aspect applied for cache operations with key /customer/search.com.eservice.iot.web.CustomerController.search.DefaultGenericTypeNamingStrategy
2019-03-14 10:47:54.907  INFO 5004 --- [main] s.w.ClassOrApiAnnotationResourceGrouping : Group for method search was customer-controller
2019-03-14 10:47:54.908  INFO 5004 --- [main] s.w.ClassOrApiAnnotationResourceGrouping : Group for method search was customer-controller
2019-03-14 10:47:54.910  INFO 5004 --- [main] s.d.schema.ModelContextKeyGenerator      : Cache Key Generated: com.eservice.iot.core.Result(true)
2019-03-14 10:47:54.910  INFO 5004 --- [main] s.d.spring.web.caching.CachingAspect     : Caching aspect applied for cache models with key com.eservice.iot.core.Result(true)
2019-03-14 10:47:54.910  INFO 5004 --- [main] s.d.schema.ModelContextKeyGenerator      : Cache Key Generated: com.eservice.iot.core.Result(true)
2019-03-14 10:47:54.910  INFO 5004 --- [main] s.d.spring.web.caching.CachingAspect     : Caching aspect applied for cache modelDependencies with key com.eservice.iot.core.Result(true)
2019-03-14 10:47:54.911  INFO 5004 --- [main] s.d.spring.web.OperationsKeyGenerator    : Cache key generated: /customer/update.com.eservice.iot.web.CustomerController.update.DefaultGenericTypeNamingStrategy
2019-03-14 10:47:54.911  INFO 5004 --- [main] s.d.spring.web.caching.CachingAspect     : Caching aspect applied for cache operations with key /customer/update.com.eservice.iot.web.CustomerController.update.DefaultGenericTypeNamingStrategy
2019-03-14 10:47:54.912  INFO 5004 --- [main] s.w.ClassOrApiAnnotationResourceGrouping : Group for method update was customer-controller
2019-03-14 10:47:54.913  INFO 5004 --- [main] s.w.ClassOrApiAnnotationResourceGrouping : Group for method update was customer-controller
2019-03-14 10:47:54.917  INFO 5004 --- [main] s.d.schema.ModelContextKeyGenerator      : Cache Key Generated: java.util.Map<java.lang.String,java.lang.String>(false)
2019-03-14 10:47:54.917  INFO 5004 --- [main] s.d.spring.web.caching.CachingAspect     : Caching aspect applied for cache models with key java.util.Map<java.lang.String,java.lang.String>(false)
2019-03-14 10:47:54.918  INFO 5004 --- [main] s.d.schema.ModelContextKeyGenerator      : Cache Key Generated: java.util.Map<java.lang.String,java.lang.String>(false)
2019-03-14 10:47:54.918  INFO 5004 --- [main] s.d.spring.web.caching.CachingAspect     : Caching aspect applied for cache modelDependencies with key java.util.Map<java.lang.String,java.lang.String>(false)
2019-03-14 10:47:54.918  INFO 5004 --- [main] s.d.s.p.ModelPropertiesKeyGenerator      : Cache key generated: java.util.Map<java.lang.String,java.lang.String>(false)
2019-03-14 10:47:54.918  INFO 5004 --- [main] s.d.spring.web.caching.CachingAspect     : Caching aspect applied for cache modelProperties with key java.util.Map<java.lang.String,java.lang.String>(false)
2019-03-14 10:47:54.920  INFO 5004 --- [main] s.d.schema.ModelContextKeyGenerator      : Cache Key Generated: java.lang.Object(true)
2019-03-14 10:47:54.920  INFO 5004 --- [main] s.d.spring.web.caching.CachingAspect     : Caching aspect applied for cache models with key java.lang.Object(true)
2019-03-14 10:47:54.921  INFO 5004 --- [main] s.d.schema.ModelContextKeyGenerator      : Cache Key Generated: java.lang.Object(true)
2019-03-14 10:47:54.921  INFO 5004 --- [main] s.d.spring.web.caching.CachingAspect     : Caching aspect applied for cache modelDependencies with key java.lang.Object(true)
2019-03-14 10:47:54.921  INFO 5004 --- [main] s.d.spring.web.OperationsKeyGenerator    : Cache key generated: /actuator/health.org.springframework.boot.actuate.endpoint.web.servlet.AbstractWebMvcEndpointHandlerMapping$OperationHandler.handle.DefaultGenericTypeNamingStrategy
2019-03-14 10:47:54.922  INFO 5004 --- [main] s.d.spring.web.caching.CachingAspect     : Caching aspect applied for cache operations with key /actuator/health.org.springframework.boot.actuate.endpoint.web.servlet.AbstractWebMvcEndpointHandlerMapping$OperationHandler.handle.DefaultGenericTypeNamingStrategy
2019-03-14 10:47:54.924  INFO 5004 --- [main] s.w.ClassOrApiAnnotationResourceGrouping : Group for method handle was operation-handler
2019-03-14 10:47:54.925  INFO 5004 --- [main] s.w.ClassOrApiAnnotationResourceGrouping : Group for method handle was operation-handler
2019-03-14 10:47:54.926  INFO 5004 --- [main] s.d.schema.ModelContextKeyGenerator      : Cache Key Generated: java.util.Map<java.lang.String,java.lang.String>(false)
2019-03-14 10:47:54.926  INFO 5004 --- [main] s.d.spring.web.caching.CachingAspect     : Caching aspect applied for cache models with key java.util.Map<java.lang.String,java.lang.String>(false)
2019-03-14 10:47:54.926  INFO 5004 --- [main] s.d.schema.ModelContextKeyGenerator      : Cache Key Generated: java.util.Map<java.lang.String,java.lang.String>(false)
2019-03-14 10:47:54.926  INFO 5004 --- [main] s.d.spring.web.caching.CachingAspect     : Caching aspect applied for cache modelDependencies with key java.util.Map<java.lang.String,java.lang.String>(false)
2019-03-14 10:47:54.927  INFO 5004 --- [main] s.d.schema.ModelContextKeyGenerator      : Cache Key Generated: java.lang.Object(true)
2019-03-14 10:47:54.927  INFO 5004 --- [main] s.d.spring.web.caching.CachingAspect     : Caching aspect applied for cache models with key java.lang.Object(true)
2019-03-14 10:47:54.927  INFO 5004 --- [main] s.d.schema.ModelContextKeyGenerator      : Cache Key Generated: java.lang.Object(true)
2019-03-14 10:47:54.927  INFO 5004 --- [main] s.d.spring.web.caching.CachingAspect     : Caching aspect applied for cache modelDependencies with key java.lang.Object(true)
2019-03-14 10:47:54.928  INFO 5004 --- [main] s.d.spring.web.OperationsKeyGenerator    : Cache key generated: /actuator/info.org.springframework.boot.actuate.endpoint.web.servlet.AbstractWebMvcEndpointHandlerMapping$OperationHandler.handle.DefaultGenericTypeNamingStrategy
2019-03-14 10:47:54.928  INFO 5004 --- [main] s.d.spring.web.caching.CachingAspect     : Caching aspect applied for cache operations with key /actuator/info.org.springframework.boot.actuate.endpoint.web.servlet.AbstractWebMvcEndpointHandlerMapping$OperationHandler.handle.DefaultGenericTypeNamingStrategy
2019-03-14 10:47:54.931  INFO 5004 --- [main] s.w.ClassOrApiAnnotationResourceGrouping : Group for method handle was operation-handler
2019-03-14 10:47:54.932  INFO 5004 --- [main] s.w.ClassOrApiAnnotationResourceGrouping : Group for method handle was operation-handler
2019-03-14 10:47:54.932  INFO 5004 --- [main] .d.s.w.r.o.CachingOperationNameGenerator : Generating unique operation named: handleUsingGET_1
2019-03-14 10:47:54.934  INFO 5004 --- [main] s.d.schema.ModelContextKeyGenerator      : Cache Key Generated: com.eservice.iot.core.Result(true)
2019-03-14 10:47:54.934  INFO 5004 --- [main] s.d.spring.web.caching.CachingAspect     : Caching aspect applied for cache models with key com.eservice.iot.core.Result(true)
2019-03-14 10:47:54.934  INFO 5004 --- [main] s.d.schema.ModelContextKeyGenerator      : Cache Key Generated: com.eservice.iot.core.Result(true)
2019-03-14 10:47:54.934  INFO 5004 --- [main] s.d.spring.web.caching.CachingAspect     : Caching aspect applied for cache modelDependencies with key com.eservice.iot.core.Result(true)
2019-03-14 10:47:54.934  INFO 5004 --- [main] s.d.spring.web.OperationsKeyGenerator    : Cache key generated: /tag/add.com.eservice.iot.web.TagController.add.DefaultGenericTypeNamingStrategy
2019-03-14 10:47:54.934  INFO 5004 --- [main] s.d.spring.web.caching.CachingAspect     : Caching aspect applied for cache operations with key /tag/add.com.eservice.iot.web.TagController.add.DefaultGenericTypeNamingStrategy
2019-03-14 10:47:54.939  INFO 5004 --- [main] s.w.ClassOrApiAnnotationResourceGrouping : Group for method add was tag-controller
2019-03-14 10:47:54.940  INFO 5004 --- [main] s.w.ClassOrApiAnnotationResourceGrouping : Group for method add was tag-controller
2019-03-14 10:47:54.940  INFO 5004 --- [main] .d.s.w.r.o.CachingOperationNameGenerator : Generating unique operation named: addUsingPOST_1
2019-03-14 10:47:54.941  INFO 5004 --- [main] s.d.schema.ModelContextKeyGenerator      : Cache Key Generated: com.eservice.iot.core.Result(true)
2019-03-14 10:47:54.941  INFO 5004 --- [main] s.d.spring.web.caching.CachingAspect     : Caching aspect applied for cache models with key com.eservice.iot.core.Result(true)
2019-03-14 10:47:54.942  INFO 5004 --- [main] s.d.schema.ModelContextKeyGenerator      : Cache Key Generated: com.eservice.iot.core.Result(true)
2019-03-14 10:47:54.942  INFO 5004 --- [main] s.d.spring.web.caching.CachingAspect     : Caching aspect applied for cache modelDependencies with key com.eservice.iot.core.Result(true)
2019-03-14 10:47:54.942  INFO 5004 --- [main] s.d.spring.web.OperationsKeyGenerator    : Cache key generated: /tag/deleteStaffByTagName.com.eservice.iot.web.TagController.deleteStaffByTagName.DefaultGenericTypeNamingStrategy
2019-03-14 10:47:54.942  INFO 5004 --- [main] s.d.spring.web.caching.CachingAspect     : Caching aspect applied for cache operations with key /tag/deleteStaffByTagName.com.eservice.iot.web.TagController.deleteStaffByTagName.DefaultGenericTypeNamingStrategy
2019-03-14 10:47:54.943  INFO 5004 --- [main] s.w.ClassOrApiAnnotationResourceGrouping : Group for method deleteStaffByTagName was tag-controller
2019-03-14 10:47:54.944  INFO 5004 --- [main] s.w.ClassOrApiAnnotationResourceGrouping : Group for method deleteStaffByTagName was tag-controller
2019-03-14 10:47:54.945  INFO 5004 --- [main] s.d.schema.ModelContextKeyGenerator      : Cache Key Generated: com.eservice.iot.core.Result(true)
2019-03-14 10:47:54.945  INFO 5004 --- [main] s.d.spring.web.caching.CachingAspect     : Caching aspect applied for cache models with key com.eservice.iot.core.Result(true)
2019-03-14 10:47:54.945  INFO 5004 --- [main] s.d.schema.ModelContextKeyGenerator      : Cache Key Generated: com.eservice.iot.core.Result(true)
2019-03-14 10:47:54.945  INFO 5004 --- [main] s.d.spring.web.caching.CachingAspect     : Caching aspect applied for cache modelDependencies with key com.eservice.iot.core.Result(true)
2019-03-14 10:47:54.945  INFO 5004 --- [main] s.d.spring.web.OperationsKeyGenerator    : Cache key generated: /tag/list.com.eservice.iot.web.TagController.list.DefaultGenericTypeNamingStrategy
2019-03-14 10:47:54.945  INFO 5004 --- [main] s.d.spring.web.caching.CachingAspect     : Caching aspect applied for cache operations with key /tag/list.com.eservice.iot.web.TagController.list.DefaultGenericTypeNamingStrategy
2019-03-14 10:47:54.947  INFO 5004 --- [main] s.w.ClassOrApiAnnotationResourceGrouping : Group for method list was tag-controller
2019-03-14 10:47:54.948  INFO 5004 --- [main] s.w.ClassOrApiAnnotationResourceGrouping : Group for method list was tag-controller
2019-03-14 10:47:54.950  INFO 5004 --- [main] s.d.schema.ModelContextKeyGenerator      : Cache Key Generated: com.eservice.iot.model.user.User(false)
2019-03-14 10:47:54.950  INFO 5004 --- [main] s.d.spring.web.caching.CachingAspect     : Caching aspect applied for cache models with key com.eservice.iot.model.user.User(false)
2019-03-14 10:47:54.950  INFO 5004 --- [main] s.d.s.p.ModelPropertiesKeyGenerator      : Cache key generated: com.eservice.iot.model.user.User(false)
2019-03-14 10:47:54.950  INFO 5004 --- [main] s.d.spring.web.caching.CachingAspect     : Caching aspect applied for cache modelProperties with key com.eservice.iot.model.user.User(false)
2019-03-14 10:47:54.952  INFO 5004 --- [main] s.d.schema.ModelContextKeyGenerator      : Cache Key Generated: com.eservice.iot.model.user.User(false)
2019-03-14 10:47:54.953  INFO 5004 --- [main] s.d.spring.web.caching.CachingAspect     : Caching aspect applied for cache modelDependencies with key com.eservice.iot.model.user.User(false)
2019-03-14 10:47:54.953  INFO 5004 --- [main] s.d.s.p.ModelPropertiesKeyGenerator      : Cache key generated: com.eservice.iot.model.user.User(false)
2019-03-14 10:47:54.954  INFO 5004 --- [main] s.d.spring.web.caching.CachingAspect     : Caching aspect applied for cache modelProperties with key com.eservice.iot.model.user.User(false)
2019-03-14 10:47:54.954  INFO 5004 --- [main] s.d.schema.ModelContextKeyGenerator      : Cache Key Generated: com.eservice.iot.core.Result(true)
2019-03-14 10:47:54.954  INFO 5004 --- [main] s.d.spring.web.caching.CachingAspect     : Caching aspect applied for cache models with key com.eservice.iot.core.Result(true)
2019-03-14 10:47:54.954  INFO 5004 --- [main] s.d.schema.ModelContextKeyGenerator      : Cache Key Generated: com.eservice.iot.core.Result(true)
2019-03-14 10:47:54.954  INFO 5004 --- [main] s.d.spring.web.caching.CachingAspect     : Caching aspect applied for cache modelDependencies with key com.eservice.iot.core.Result(true)
2019-03-14 10:47:54.954  INFO 5004 --- [main] s.d.spring.web.OperationsKeyGenerator    : Cache key generated: /user/add.com.eservice.iot.web.UserController.add.DefaultGenericTypeNamingStrategy
2019-03-14 10:47:54.954  INFO 5004 --- [main] s.d.spring.web.caching.CachingAspect     : Caching aspect applied for cache operations with key /user/add.com.eservice.iot.web.UserController.add.DefaultGenericTypeNamingStrategy
2019-03-14 10:47:54.956  INFO 5004 --- [main] s.w.ClassOrApiAnnotationResourceGrouping : Group for method add was user-controller
2019-03-14 10:47:54.958  INFO 5004 --- [main] s.w.ClassOrApiAnnotationResourceGrouping : Group for method add was user-controller
2019-03-14 10:47:54.958  INFO 5004 --- [main] .d.s.w.r.o.CachingOperationNameGenerator : Generating unique operation named: addUsingPOST_2
2019-03-14 10:47:54.959  INFO 5004 --- [main] s.d.schema.ModelContextKeyGenerator      : Cache Key Generated: com.eservice.iot.core.Result(true)
2019-03-14 10:47:54.959  INFO 5004 --- [main] s.d.spring.web.caching.CachingAspect     : Caching aspect applied for cache models with key com.eservice.iot.core.Result(true)
2019-03-14 10:47:54.960  INFO 5004 --- [main] s.d.schema.ModelContextKeyGenerator      : Cache Key Generated: com.eservice.iot.core.Result(true)
2019-03-14 10:47:54.960  INFO 5004 --- [main] s.d.spring.web.caching.CachingAspect     : Caching aspect applied for cache modelDependencies with key com.eservice.iot.core.Result(true)
2019-03-14 10:47:54.960  INFO 5004 --- [main] s.d.spring.web.OperationsKeyGenerator    : Cache key generated: /user/delete.com.eservice.iot.web.UserController.delete.DefaultGenericTypeNamingStrategy
2019-03-14 10:47:54.960  INFO 5004 --- [main] s.d.spring.web.caching.CachingAspect     : Caching aspect applied for cache operations with key /user/delete.com.eservice.iot.web.UserController.delete.DefaultGenericTypeNamingStrategy
2019-03-14 10:47:54.961  INFO 5004 --- [main] s.w.ClassOrApiAnnotationResourceGrouping : Group for method delete was user-controller
2019-03-14 10:47:54.962  INFO 5004 --- [main] s.w.ClassOrApiAnnotationResourceGrouping : Group for method delete was user-controller
2019-03-14 10:47:54.963  INFO 5004 --- [main] .d.s.w.r.o.CachingOperationNameGenerator : Generating unique operation named: deleteUsingPOST_1
2019-03-14 10:47:54.964  INFO 5004 --- [main] s.d.schema.ModelContextKeyGenerator      : Cache Key Generated: com.eservice.iot.core.Result(true)
2019-03-14 10:47:54.964  INFO 5004 --- [main] s.d.spring.web.caching.CachingAspect     : Caching aspect applied for cache models with key com.eservice.iot.core.Result(true)
2019-03-14 10:47:54.964  INFO 5004 --- [main] s.d.schema.ModelContextKeyGenerator      : Cache Key Generated: com.eservice.iot.core.Result(true)
2019-03-14 10:47:54.964  INFO 5004 --- [main] s.d.spring.web.caching.CachingAspect     : Caching aspect applied for cache modelDependencies with key com.eservice.iot.core.Result(true)
2019-03-14 10:47:54.964  INFO 5004 --- [main] s.d.spring.web.OperationsKeyGenerator    : Cache key generated: /user/detail.com.eservice.iot.web.UserController.detail.DefaultGenericTypeNamingStrategy
2019-03-14 10:47:54.964  INFO 5004 --- [main] s.d.spring.web.caching.CachingAspect     : Caching aspect applied for cache operations with key /user/detail.com.eservice.iot.web.UserController.detail.DefaultGenericTypeNamingStrategy
2019-03-14 10:47:54.966  INFO 5004 --- [main] s.w.ClassOrApiAnnotationResourceGrouping : Group for method detail was user-controller
2019-03-14 10:47:54.966  INFO 5004 --- [main] s.w.ClassOrApiAnnotationResourceGrouping : Group for method detail was user-controller
2019-03-14 10:47:54.967  INFO 5004 --- [main] .d.s.w.r.o.CachingOperationNameGenerator : Generating unique operation named: detailUsingPOST_1
2019-03-14 10:47:54.968  INFO 5004 --- [main] s.d.schema.ModelContextKeyGenerator      : Cache Key Generated: com.eservice.iot.core.Result(true)
2019-03-14 10:47:54.968  INFO 5004 --- [main] s.d.spring.web.caching.CachingAspect     : Caching aspect applied for cache models with key com.eservice.iot.core.Result(true)
2019-03-14 10:47:54.968  INFO 5004 --- [main] s.d.schema.ModelContextKeyGenerator      : Cache Key Generated: com.eservice.iot.core.Result(true)
2019-03-14 10:47:54.968  INFO 5004 --- [main] s.d.spring.web.caching.CachingAspect     : Caching aspect applied for cache modelDependencies with key com.eservice.iot.core.Result(true)
2019-03-14 10:47:54.969  INFO 5004 --- [main] s.d.spring.web.OperationsKeyGenerator    : Cache key generated: /user/list.com.eservice.iot.web.UserController.list.DefaultGenericTypeNamingStrategy
2019-03-14 10:47:54.969  INFO 5004 --- [main] s.d.spring.web.caching.CachingAspect     : Caching aspect applied for cache operations with key /user/list.com.eservice.iot.web.UserController.list.DefaultGenericTypeNamingStrategy
2019-03-14 10:47:54.971  INFO 5004 --- [main] s.w.ClassOrApiAnnotationResourceGrouping : Group for method list was user-controller
2019-03-14 10:47:54.972  INFO 5004 --- [main] s.w.ClassOrApiAnnotationResourceGrouping : Group for method list was user-controller
2019-03-14 10:47:54.973  INFO 5004 --- [main] .d.s.w.r.o.CachingOperationNameGenerator : Generating unique operation named: listUsingPOST_1
2019-03-14 10:47:54.974  INFO 5004 --- [main] s.d.schema.ModelContextKeyGenerator      : Cache Key Generated: com.eservice.iot.core.Result(true)
2019-03-14 10:47:54.974  INFO 5004 --- [main] s.d.spring.web.caching.CachingAspect     : Caching aspect applied for cache models with key com.eservice.iot.core.Result(true)
2019-03-14 10:47:54.974  INFO 5004 --- [main] s.d.schema.ModelContextKeyGenerator      : Cache Key Generated: com.eservice.iot.core.Result(true)
2019-03-14 10:47:54.974  INFO 5004 --- [main] s.d.spring.web.caching.CachingAspect     : Caching aspect applied for cache modelDependencies with key com.eservice.iot.core.Result(true)
2019-03-14 10:47:54.974  INFO 5004 --- [main] s.d.spring.web.OperationsKeyGenerator    : Cache key generated: /user/requestLogin.com.eservice.iot.web.UserController.requestLogin.DefaultGenericTypeNamingStrategy
2019-03-14 10:47:54.975  INFO 5004 --- [main] s.d.spring.web.caching.CachingAspect     : Caching aspect applied for cache operations with key /user/requestLogin.com.eservice.iot.web.UserController.requestLogin.DefaultGenericTypeNamingStrategy
2019-03-14 10:47:54.978  INFO 5004 --- [main] s.w.ClassOrApiAnnotationResourceGrouping : Group for method requestLogin was user-controller
2019-03-14 10:47:54.979  INFO 5004 --- [main] s.w.ClassOrApiAnnotationResourceGrouping : Group for method requestLogin was user-controller
2019-03-14 10:47:54.980  INFO 5004 --- [main] s.d.schema.ModelContextKeyGenerator      : Cache Key Generated: com.eservice.iot.model.user.User(false)
2019-03-14 10:47:54.980  INFO 5004 --- [main] s.d.spring.web.caching.CachingAspect     : Caching aspect applied for cache models with key com.eservice.iot.model.user.User(false)
2019-03-14 10:47:54.980  INFO 5004 --- [main] s.d.schema.ModelContextKeyGenerator      : Cache Key Generated: com.eservice.iot.model.user.User(false)
2019-03-14 10:47:54.980  INFO 5004 --- [main] s.d.spring.web.caching.CachingAspect     : Caching aspect applied for cache modelDependencies with key com.eservice.iot.model.user.User(false)
2019-03-14 10:47:54.980  INFO 5004 --- [main] s.d.schema.ModelContextKeyGenerator      : Cache Key Generated: com.eservice.iot.core.Result(true)
2019-03-14 10:47:54.980  INFO 5004 --- [main] s.d.spring.web.caching.CachingAspect     : Caching aspect applied for cache models with key com.eservice.iot.core.Result(true)
2019-03-14 10:47:54.980  INFO 5004 --- [main] s.d.schema.ModelContextKeyGenerator      : Cache Key Generated: com.eservice.iot.core.Result(true)
2019-03-14 10:47:54.981  INFO 5004 --- [main] s.d.spring.web.caching.CachingAspect     : Caching aspect applied for cache modelDependencies with key com.eservice.iot.core.Result(true)
2019-03-14 10:47:54.981  INFO 5004 --- [main] s.d.spring.web.OperationsKeyGenerator    : Cache key generated: /user/update.com.eservice.iot.web.UserController.update.DefaultGenericTypeNamingStrategy
2019-03-14 10:47:54.981  INFO 5004 --- [main] s.d.spring.web.caching.CachingAspect     : Caching aspect applied for cache operations with key /user/update.com.eservice.iot.web.UserController.update.DefaultGenericTypeNamingStrategy
2019-03-14 10:47:54.982  INFO 5004 --- [main] s.w.ClassOrApiAnnotationResourceGrouping : Group for method update was user-controller
2019-03-14 10:47:54.984  INFO 5004 --- [main] s.w.ClassOrApiAnnotationResourceGrouping : Group for method update was user-controller
2019-03-14 10:47:54.984  INFO 5004 --- [main] .d.s.w.r.o.CachingOperationNameGenerator : Generating unique operation named: updateUsingPOST_1
2019-03-14 10:47:54.985  INFO 5004 --- [main] s.d.schema.ModelContextKeyGenerator      : Cache Key Generated: com.eservice.iot.core.Result(true)
2019-03-14 10:47:54.985  INFO 5004 --- [main] s.d.spring.web.caching.CachingAspect     : Caching aspect applied for cache models with key com.eservice.iot.core.Result(true)
2019-03-14 10:47:54.986  INFO 5004 --- [main] s.d.schema.ModelContextKeyGenerator      : Cache Key Generated: com.eservice.iot.core.Result(true)
2019-03-14 10:47:54.986  INFO 5004 --- [main] s.d.spring.web.caching.CachingAspect     : Caching aspect applied for cache modelDependencies with key com.eservice.iot.core.Result(true)
2019-03-14 10:47:54.986  INFO 5004 --- [main] s.d.spring.web.OperationsKeyGenerator    : Cache key generated: /visitors/add.com.eservice.iot.web.VisitorController.add.DefaultGenericTypeNamingStrategy
2019-03-14 10:47:54.986  INFO 5004 --- [main] s.d.spring.web.caching.CachingAspect     : Caching aspect applied for cache operations with key /visitors/add.com.eservice.iot.web.VisitorController.add.DefaultGenericTypeNamingStrategy
2019-03-14 10:47:54.988  INFO 5004 --- [main] s.w.ClassOrApiAnnotationResourceGrouping : Group for method add was visitor-controller
2019-03-14 10:47:54.988  INFO 5004 --- [main] s.w.ClassOrApiAnnotationResourceGrouping : Group for method add was visitor-controller
2019-03-14 10:47:54.989  INFO 5004 --- [main] .d.s.w.r.o.CachingOperationNameGenerator : Generating unique operation named: addUsingPOST_3
2019-03-14 10:47:54.990  INFO 5004 --- [main] s.d.schema.ModelContextKeyGenerator      : Cache Key Generated: com.eservice.iot.core.Result(true)
2019-03-14 10:47:54.990  INFO 5004 --- [main] s.d.spring.web.caching.CachingAspect     : Caching aspect applied for cache models with key com.eservice.iot.core.Result(true)
2019-03-14 10:47:54.990  INFO 5004 --- [main] s.d.schema.ModelContextKeyGenerator      : Cache Key Generated: com.eservice.iot.core.Result(true)
2019-03-14 10:47:54.990  INFO 5004 --- [main] s.d.spring.web.caching.CachingAspect     : Caching aspect applied for cache modelDependencies with key com.eservice.iot.core.Result(true)
2019-03-14 10:47:54.990  INFO 5004 --- [main] s.d.spring.web.OperationsKeyGenerator    : Cache key generated: /visitors/getVisitor.com.eservice.iot.web.VisitorController.getVisitor.DefaultGenericTypeNamingStrategy
2019-03-14 10:47:54.990  INFO 5004 --- [main] s.d.spring.web.caching.CachingAspect     : Caching aspect applied for cache operations with key /visitors/getVisitor.com.eservice.iot.web.VisitorController.getVisitor.DefaultGenericTypeNamingStrategy
2019-03-14 10:47:54.992  INFO 5004 --- [main] s.w.ClassOrApiAnnotationResourceGrouping : Group for method getVisitor was visitor-controller
2019-03-14 10:47:54.993  INFO 5004 --- [main] s.w.ClassOrApiAnnotationResourceGrouping : Group for method getVisitor was visitor-controller
2019-03-14 10:47:54.994  INFO 5004 --- [main] s.d.schema.ModelContextKeyGenerator      : Cache Key Generated: com.eservice.iot.core.Result(true)
2019-03-14 10:47:54.995  INFO 5004 --- [main] s.d.spring.web.caching.CachingAspect     : Caching aspect applied for cache models with key com.eservice.iot.core.Result(true)
2019-03-14 10:47:54.995  INFO 5004 --- [main] s.d.schema.ModelContextKeyGenerator      : Cache Key Generated: com.eservice.iot.core.Result(true)
2019-03-14 10:47:54.995  INFO 5004 --- [main] s.d.spring.web.caching.CachingAspect     : Caching aspect applied for cache modelDependencies with key com.eservice.iot.core.Result(true)
2019-03-14 10:47:54.995  INFO 5004 --- [main] s.d.spring.web.OperationsKeyGenerator    : Cache key generated: /visitor/info/add.com.eservice.iot.web.VisitorInfoController.add.DefaultGenericTypeNamingStrategy
2019-03-14 10:47:54.995  INFO 5004 --- [main] s.d.spring.web.caching.CachingAspect     : Caching aspect applied for cache operations with key /visitor/info/add.com.eservice.iot.web.VisitorInfoController.add.DefaultGenericTypeNamingStrategy
2019-03-14 10:47:54.997  INFO 5004 --- [main] s.w.ClassOrApiAnnotationResourceGrouping : Group for method add was visitor-info-controller
2019-03-14 10:47:54.998  INFO 5004 --- [main] s.w.ClassOrApiAnnotationResourceGrouping : Group for method add was visitor-info-controller
2019-03-14 10:47:54.998  INFO 5004 --- [main] .d.s.w.r.o.CachingOperationNameGenerator : Generating unique operation named: addUsingPOST_4
2019-03-14 10:47:55.000  INFO 5004 --- [main] s.d.schema.ModelContextKeyGenerator      : Cache Key Generated: com.eservice.iot.core.Result(true)
2019-03-14 10:47:55.000  INFO 5004 --- [main] s.d.spring.web.caching.CachingAspect     : Caching aspect applied for cache models with key com.eservice.iot.core.Result(true)
2019-03-14 10:47:55.000  INFO 5004 --- [main] s.d.schema.ModelContextKeyGenerator      : Cache Key Generated: com.eservice.iot.core.Result(true)
2019-03-14 10:47:55.000  INFO 5004 --- [main] s.d.spring.web.caching.CachingAspect     : Caching aspect applied for cache modelDependencies with key com.eservice.iot.core.Result(true)
2019-03-14 10:47:55.000  INFO 5004 --- [main] s.d.spring.web.OperationsKeyGenerator    : Cache key generated: /visitor/info/delete.com.eservice.iot.web.VisitorInfoController.delete.DefaultGenericTypeNamingStrategy
2019-03-14 10:47:55.000  INFO 5004 --- [main] s.d.spring.web.caching.CachingAspect     : Caching aspect applied for cache operations with key /visitor/info/delete.com.eservice.iot.web.VisitorInfoController.delete.DefaultGenericTypeNamingStrategy
2019-03-14 10:47:55.002  INFO 5004 --- [main] s.w.ClassOrApiAnnotationResourceGrouping : Group for method delete was visitor-info-controller
2019-03-14 10:47:55.003  INFO 5004 --- [main] s.w.ClassOrApiAnnotationResourceGrouping : Group for method delete was visitor-info-controller
2019-03-14 10:47:55.004  INFO 5004 --- [main] .d.s.w.r.o.CachingOperationNameGenerator : Generating unique operation named: deleteUsingPOST_2
2019-03-14 10:47:55.005  INFO 5004 --- [main] s.d.schema.ModelContextKeyGenerator      : Cache Key Generated: com.eservice.iot.core.Result(true)
2019-03-14 10:47:55.005  INFO 5004 --- [main] s.d.spring.web.caching.CachingAspect     : Caching aspect applied for cache models with key com.eservice.iot.core.Result(true)
2019-03-14 10:47:55.005  INFO 5004 --- [main] s.d.schema.ModelContextKeyGenerator      : Cache Key Generated: com.eservice.iot.core.Result(true)
2019-03-14 10:47:55.006  INFO 5004 --- [main] s.d.spring.web.caching.CachingAspect     : Caching aspect applied for cache modelDependencies with key com.eservice.iot.core.Result(true)
2019-03-14 10:47:55.006  INFO 5004 --- [main] s.d.spring.web.OperationsKeyGenerator    : Cache key generated: /visitor/info/detail.com.eservice.iot.web.VisitorInfoController.detail.DefaultGenericTypeNamingStrategy
2019-03-14 10:47:55.006  INFO 5004 --- [main] s.d.spring.web.caching.CachingAspect     : Caching aspect applied for cache operations with key /visitor/info/detail.com.eservice.iot.web.VisitorInfoController.detail.DefaultGenericTypeNamingStrategy
2019-03-14 10:47:55.008  INFO 5004 --- [main] s.w.ClassOrApiAnnotationResourceGrouping : Group for method detail was visitor-info-controller
2019-03-14 10:47:55.009  INFO 5004 --- [main] s.w.ClassOrApiAnnotationResourceGrouping : Group for method detail was visitor-info-controller
2019-03-14 10:47:55.010  INFO 5004 --- [main] .d.s.w.r.o.CachingOperationNameGenerator : Generating unique operation named: detailUsingPOST_2
2019-03-14 10:47:55.011  INFO 5004 --- [main] s.d.schema.ModelContextKeyGenerator      : Cache Key Generated: com.eservice.iot.core.Result(true)
2019-03-14 10:47:55.012  INFO 5004 --- [main] s.d.spring.web.caching.CachingAspect     : Caching aspect applied for cache models with key com.eservice.iot.core.Result(true)
2019-03-14 10:47:55.012  INFO 5004 --- [main] s.d.schema.ModelContextKeyGenerator      : Cache Key Generated: com.eservice.iot.core.Result(true)
2019-03-14 10:47:55.012  INFO 5004 --- [main] s.d.spring.web.caching.CachingAspect     : Caching aspect applied for cache modelDependencies with key com.eservice.iot.core.Result(true)
2019-03-14 10:47:55.012  INFO 5004 --- [main] s.d.spring.web.OperationsKeyGenerator    : Cache key generated: /visitor/info/list.com.eservice.iot.web.VisitorInfoController.list.DefaultGenericTypeNamingStrategy
2019-03-14 10:47:55.012  INFO 5004 --- [main] s.d.spring.web.caching.CachingAspect     : Caching aspect applied for cache operations with key /visitor/info/list.com.eservice.iot.web.VisitorInfoController.list.DefaultGenericTypeNamingStrategy
2019-03-14 10:47:55.016  INFO 5004 --- [main] s.w.ClassOrApiAnnotationResourceGrouping : Group for method list was visitor-info-controller
2019-03-14 10:47:55.018  INFO 5004 --- [main] s.w.ClassOrApiAnnotationResourceGrouping : Group for method list was visitor-info-controller
2019-03-14 10:47:55.018  INFO 5004 --- [main] .d.s.w.r.o.CachingOperationNameGenerator : Generating unique operation named: listUsingPOST_2
2019-03-14 10:47:55.020  INFO 5004 --- [main] s.d.schema.ModelContextKeyGenerator      : Cache Key Generated: com.eservice.iot.model.visitor_info.VisitorInfo(false)
2019-03-14 10:47:55.020  INFO 5004 --- [main] s.d.spring.web.caching.CachingAspect     : Caching aspect applied for cache models with key com.eservice.iot.model.visitor_info.VisitorInfo(false)
2019-03-14 10:47:55.020  INFO 5004 --- [main] s.d.s.p.ModelPropertiesKeyGenerator      : Cache key generated: com.eservice.iot.model.visitor_info.VisitorInfo(false)
2019-03-14 10:47:55.020  INFO 5004 --- [main] s.d.spring.web.caching.CachingAspect     : Caching aspect applied for cache modelProperties with key com.eservice.iot.model.visitor_info.VisitorInfo(false)
2019-03-14 10:47:55.024  INFO 5004 --- [main] s.d.schema.ModelContextKeyGenerator      : Cache Key Generated: com.eservice.iot.model.visitor_info.VisitorInfo(false)
2019-03-14 10:47:55.025  INFO 5004 --- [main] s.d.spring.web.caching.CachingAspect     : Caching aspect applied for cache modelDependencies with key com.eservice.iot.model.visitor_info.VisitorInfo(false)
2019-03-14 10:47:55.025  INFO 5004 --- [main] s.d.s.p.ModelPropertiesKeyGenerator      : Cache key generated: com.eservice.iot.model.visitor_info.VisitorInfo(false)
2019-03-14 10:47:55.025  INFO 5004 --- [main] s.d.spring.web.caching.CachingAspect     : Caching aspect applied for cache modelProperties with key com.eservice.iot.model.visitor_info.VisitorInfo(false)
2019-03-14 10:47:55.025  INFO 5004 --- [main] s.d.schema.ModelContextKeyGenerator      : Cache Key Generated: com.eservice.iot.core.Result(true)
2019-03-14 10:47:55.025  INFO 5004 --- [main] s.d.spring.web.caching.CachingAspect     : Caching aspect applied for cache models with key com.eservice.iot.core.Result(true)
2019-03-14 10:47:55.026  INFO 5004 --- [main] s.d.schema.ModelContextKeyGenerator      : Cache Key Generated: com.eservice.iot.core.Result(true)
2019-03-14 10:47:55.026  INFO 5004 --- [main] s.d.spring.web.caching.CachingAspect     : Caching aspect applied for cache modelDependencies with key com.eservice.iot.core.Result(true)
2019-03-14 10:47:55.026  INFO 5004 --- [main] s.d.spring.web.OperationsKeyGenerator    : Cache key generated: /visitor/info/update.com.eservice.iot.web.VisitorInfoController.update.DefaultGenericTypeNamingStrategy
2019-03-14 10:47:55.026  INFO 5004 --- [main] s.d.spring.web.caching.CachingAspect     : Caching aspect applied for cache operations with key /visitor/info/update.com.eservice.iot.web.VisitorInfoController.update.DefaultGenericTypeNamingStrategy
2019-03-14 10:47:55.028  INFO 5004 --- [main] s.w.ClassOrApiAnnotationResourceGrouping : Group for method update was visitor-info-controller
2019-03-14 10:47:55.030  INFO 5004 --- [main] s.w.ClassOrApiAnnotationResourceGrouping : Group for method update was visitor-info-controller
2019-03-14 10:47:55.031  INFO 5004 --- [main] .d.s.w.r.o.CachingOperationNameGenerator : Generating unique operation named: updateUsingPOST_2
2019-03-14 10:47:55.040  INFO 5004 --- [main] s.d.schema.ModelContextKeyGenerator      : Cache Key Generated: java.util.Map<java.lang.String,java.util.Map<java.lang.String,org.springframework.boot.actuate.endpoint.web.Link>>(true)
2019-03-14 10:47:55.040  INFO 5004 --- [main] s.d.spring.web.caching.CachingAspect     : Caching aspect applied for cache models with key java.util.Map<java.lang.String,java.util.Map<java.lang.String,org.springframework.boot.actuate.endpoint.web.Link>>(true)
2019-03-14 10:47:55.041  INFO 5004 --- [main] s.d.schema.ModelContextKeyGenerator      : Cache Key Generated: java.util.Map<java.lang.String,java.util.Map<java.lang.String,org.springframework.boot.actuate.endpoint.web.Link>>(true)
2019-03-14 10:47:55.041  INFO 5004 --- [main] s.d.spring.web.caching.CachingAspect     : Caching aspect applied for cache modelDependencies with key java.util.Map<java.lang.String,java.util.Map<java.lang.String,org.springframework.boot.actuate.endpoint.web.Link>>(true)
2019-03-14 10:47:55.041  INFO 5004 --- [main] s.d.s.p.ModelPropertiesKeyGenerator      : Cache key generated: org.springframework.boot.actuate.endpoint.web.Link(true)
2019-03-14 10:47:55.041  INFO 5004 --- [main] s.d.spring.web.caching.CachingAspect     : Caching aspect applied for cache modelProperties with key org.springframework.boot.actuate.endpoint.web.Link(true)
2019-03-14 10:47:55.043  INFO 5004 --- [main] s.d.s.p.ModelPropertiesKeyGenerator      : Cache key generated: java.util.Map<java.lang.String,org.springframework.boot.actuate.endpoint.web.Link>(true)
2019-03-14 10:47:55.044  INFO 5004 --- [main] s.d.spring.web.caching.CachingAspect     : Caching aspect applied for cache modelProperties with key java.util.Map<java.lang.String,org.springframework.boot.actuate.endpoint.web.Link>(true)
2019-03-14 10:47:55.044  INFO 5004 --- [main] s.d.s.p.ModelPropertiesKeyGenerator      : Cache key generated: java.util.Map<java.lang.String,java.util.Map<java.lang.String,org.springframework.boot.actuate.endpoint.web.Link>>(true)
2019-03-14 10:47:55.044  INFO 5004 --- [main] s.d.spring.web.caching.CachingAspect     : Caching aspect applied for cache modelProperties with key java.util.Map<java.lang.String,java.util.Map<java.lang.String,org.springframework.boot.actuate.endpoint.web.Link>>(true)
2019-03-14 10:47:55.044  INFO 5004 --- [main] s.d.s.p.ModelPropertiesKeyGenerator      : Cache key generated: org.springframework.boot.actuate.endpoint.web.Link(true)
2019-03-14 10:47:55.044  INFO 5004 --- [main] s.d.spring.web.caching.CachingAspect     : Caching aspect applied for cache modelProperties with key org.springframework.boot.actuate.endpoint.web.Link(true)
2019-03-14 10:47:55.045  INFO 5004 --- [main] s.d.spring.web.OperationsKeyGenerator    : Cache key generated: /actuator.org.springframework.boot.actuate.endpoint.web.servlet.WebMvcEndpointHandlerMapping.links.DefaultGenericTypeNamingStrategy
2019-03-14 10:47:55.045  INFO 5004 --- [main] s.d.spring.web.caching.CachingAspect     : Caching aspect applied for cache operations with key /actuator.org.springframework.boot.actuate.endpoint.web.servlet.WebMvcEndpointHandlerMapping.links.DefaultGenericTypeNamingStrategy
2019-03-14 10:47:55.048  INFO 5004 --- [main] s.w.ClassOrApiAnnotationResourceGrouping : Group for method links was web-mvc-endpoint-handler-mapping
2019-03-14 10:47:55.050  INFO 5004 --- [main] s.w.ClassOrApiAnnotationResourceGrouping : Group for method links was web-mvc-endpoint-handler-mapping
2019-03-14 10:47:55.106 ERROR 5004 --- [main] o.apache.catalina.core.StandardService   : Failed to start connector [Connector[HTTP/1.1-9090]]

org.apache.catalina.LifecycleException: Failed to start component [Connector[HTTP/1.1-9090]]
	at org.apache.catalina.util.LifecycleBase.start(LifecycleBase.java:167) ~[tomcat-embed-core-8.5.31.jar:8.5.31]
	at org.apache.catalina.core.StandardService.addConnector(StandardService.java:225) ~[tomcat-embed-core-8.5.31.jar:8.5.31]
	at org.springframework.boot.web.embedded.tomcat.TomcatWebServer.addPreviouslyRemovedConnectors(TomcatWebServer.java:256) [spring-boot-2.0.3.RELEASE.jar:2.0.3.RELEASE]
	at org.springframework.boot.web.embedded.tomcat.TomcatWebServer.start(TomcatWebServer.java:198) [spring-boot-2.0.3.RELEASE.jar:2.0.3.RELEASE]
	at org.springframework.boot.web.servlet.context.ServletWebServerApplicationContext.startWebServer(ServletWebServerApplicationContext.java:300) [spring-boot-2.0.3.RELEASE.jar:2.0.3.RELEASE]
	at org.springframework.boot.web.servlet.context.ServletWebServerApplicationContext.finishRefresh(ServletWebServerApplicationContext.java:162) [spring-boot-2.0.3.RELEASE.jar:2.0.3.RELEASE]
	at org.springframework.context.support.AbstractApplicationContext.refresh(AbstractApplicationContext.java:553) [spring-context-5.0.7.RELEASE.jar:5.0.7.RELEASE]
	at org.springframework.boot.web.servlet.context.ServletWebServerApplicationContext.refresh(ServletWebServerApplicationContext.java:140) [spring-boot-2.0.3.RELEASE.jar:2.0.3.RELEASE]
	at org.springframework.boot.SpringApplication.refresh(SpringApplication.java:759) [spring-boot-2.0.3.RELEASE.jar:2.0.3.RELEASE]
	at org.springframework.boot.SpringApplication.refreshContext(SpringApplication.java:395) [spring-boot-2.0.3.RELEASE.jar:2.0.3.RELEASE]
	at org.springframework.boot.SpringApplication.run(SpringApplication.java:327) [spring-boot-2.0.3.RELEASE.jar:2.0.3.RELEASE]
	at org.springframework.boot.SpringApplication.run(SpringApplication.java:1255) [spring-boot-2.0.3.RELEASE.jar:2.0.3.RELEASE]
	at org.springframework.boot.SpringApplication.run(SpringApplication.java:1243) [spring-boot-2.0.3.RELEASE.jar:2.0.3.RELEASE]
	at com.eservice.iot.IotApplication.main(IotApplication.java:75) [classes/:na]
Caused by: org.apache.catalina.LifecycleException: Protocol handler start failed
	at org.apache.catalina.connector.Connector.startInternal(Connector.java:1020) ~[tomcat-embed-core-8.5.31.jar:8.5.31]
	at org.apache.catalina.util.LifecycleBase.start(LifecycleBase.java:150) ~[tomcat-embed-core-8.5.31.jar:8.5.31]
	... 13 common frames omitted
Caused by: java.net.BindException: Address already in use: bind
	at sun.nio.ch.Net.bind0(Native Method) ~[na:1.8.0_191]
	at sun.nio.ch.Net.bind(Net.java:433) ~[na:1.8.0_191]
	at sun.nio.ch.Net.bind(Net.java:425) ~[na:1.8.0_191]
	at sun.nio.ch.ServerSocketChannelImpl.bind(ServerSocketChannelImpl.java:223) ~[na:1.8.0_191]
	at sun.nio.ch.ServerSocketAdaptor.bind(ServerSocketAdaptor.java:74) ~[na:1.8.0_191]
	at org.apache.tomcat.util.net.NioEndpoint.bind(NioEndpoint.java:210) ~[tomcat-embed-core-8.5.31.jar:8.5.31]
	at org.apache.tomcat.util.net.AbstractEndpoint.start(AbstractEndpoint.java:1150) ~[tomcat-embed-core-8.5.31.jar:8.5.31]
	at org.apache.coyote.AbstractProtocol.start(AbstractProtocol.java:591) ~[tomcat-embed-core-8.5.31.jar:8.5.31]
	at org.apache.catalina.connector.Connector.startInternal(Connector.java:1018) ~[tomcat-embed-core-8.5.31.jar:8.5.31]
	... 14 common frames omitted

2019-03-14 10:47:55.113  INFO 5004 --- [main] o.apache.catalina.core.StandardService   : Stopping service [Tomcat]
2019-03-14 10:47:55.120  WARN 5004 --- [localhost-startStop-1] o.a.c.loader.WebappClassLoaderBase       : The web application [ROOT] appears to have started a thread named [Druid-ConnectionPool-Create-1072925846] but has failed to stop it. This is very likely to create a memory leak. Stack trace of thread:
 sun.misc.Unsafe.park(Native Method)
 java.util.concurrent.locks.LockSupport.park(LockSupport.java:175)
 java.util.concurrent.locks.AbstractQueuedSynchronizer$ConditionObject.await(AbstractQueuedSynchronizer.java:2039)
 com.alibaba.druid.pool.DruidDataSource$CreateConnectionThread.run(DruidDataSource.java:2443)
2019-03-14 10:47:55.122  WARN 5004 --- [localhost-startStop-1] o.a.c.loader.WebappClassLoaderBase       : The web application [ROOT] appears to have started a thread named [Druid-ConnectionPool-Destroy-1072925846] but has failed to stop it. This is very likely to create a memory leak. Stack trace of thread:
 java.lang.Thread.sleep(Native Method)
 com.alibaba.druid.pool.DruidDataSource$DestroyConnectionThread.run(DruidDataSource.java:2540)
2019-03-14 10:47:55.147 ERROR 5004 --- [main] o.s.b.d.LoggingFailureAnalysisReporter   : 

***************************
APPLICATION FAILED TO START
***************************

Description:

The Tomcat connector configured to listen on port 9090 failed to start. The port may already be in use or the connector may be misconfigured.

Action:

Verify the connector's configuration, identify and stop any process that's listening on port 9090, or configure this application to listen on another port.

2019-03-14 10:47:55.163  INFO 5004 --- [main] com.alibaba.druid.pool.DruidDataSource   : {dataSource-1} closed
